Performing C SOURCE FILE Test CMAKE_HAVE_LIBC_PTHREAD failed with the following output:
Change Dir: /data/ywy/model-research/track/yolov5_deepsort_tensorrt_v5/tensorrtx/deepsort-tensorrt/build/CMakeFiles/CMakeTmp

Run Build Command(s):/usr/bin/make cmTC_1386d/fast && /usr/bin/make -f CMakeFiles/cmTC_1386d.dir/build.make CMakeFiles/cmTC_1386d.dir/build
make[1]: Entering directory '/data/ywy/model-research/track/yolov5_deepsort_tensorrt_v5/tensorrtx/deepsort-tensorrt/build/CMakeFiles/CMakeTmp'
Building C object CMakeFiles/cmTC_1386d.dir/src.c.o
/usr/bin/cc   -fPIC -DCMAKE_HAVE_LIBC_PTHREAD   -o CMakeFiles/cmTC_1386d.dir/src.c.o   -c /data/ywy/model-research/track/yolov5_deepsort_tensorrt_v5/tensorrtx/deepsort-tensorrt/build/CMakeFiles/CMakeTmp/src.c
Linking C executable cmTC_1386d
/usr/local/bin/cmake -E cmake_link_script CMakeFiles/cmTC_1386d.dir/link.txt --verbose=1
/usr/bin/cc -fPIC -DCMAKE_HAVE_LIBC_PTHREAD    -rdynamic CMakeFiles/cmTC_1386d.dir/src.c.o  -o cmTC_1386d 
CMakeFiles/cmTC_1386d.dir/src.c.o: In function `main':
src.c:(.text+0x3e): undefined reference to `pthread_create'
src.c:(.text+0x4a): undefined reference to `pthread_detach'
src.c:(.text+0x5b): undefined reference to `pthread_join'
src.c:(.text+0x6f): undefined reference to `pthread_atfork'
collect2: error: ld returned 1 exit status
CMakeFiles/cmTC_1386d.dir/build.make:86: recipe for target 'cmTC_1386d' failed
make[1]: *** [cmTC_1386d] Error 1
make[1]: Leaving directory '/data/ywy/model-research/track/yolov5_deepsort_tensorrt_v5/tensorrtx/deepsort-tensorrt/build/CMakeFiles/CMakeTmp'
Makefile:121: recipe for target 'cmTC_1386d/fast' failed
make: *** [cmTC_1386d/fast] Error 2


Source file was:
#include <pthread.h>

void* test_func(void* data)
{
  return data;
}

int main(void)
{
  pthread_t thread;
  pthread_create(&thread, NULL, test_func, NULL);
  pthread_detach(thread);
  pthread_join(thread, NULL);
  pthread_atfork(NULL, NULL, NULL);
  pthread_exit(NULL);

  return 0;
}

Determining if the function pthread_create exists in the pthreads failed with the following output:
Change Dir: /data/ywy/model-research/track/yolov5_deepsort_tensorrt_v5/tensorrtx/deepsort-tensorrt/build/CMakeFiles/CMakeTmp

Run Build Command(s):/usr/bin/make cmTC_24bef/fast && /usr/bin/make -f CMakeFiles/cmTC_24bef.dir/build.make CMakeFiles/cmTC_24bef.dir/build
make[1]: Entering directory '/data/ywy/model-research/track/yolov5_deepsort_tensorrt_v5/tensorrtx/deepsort-tensorrt/build/CMakeFiles/CMakeTmp'
Building C object CMakeFiles/cmTC_24bef.dir/CheckFunctionExists.c.o
/usr/bin/cc   -fPIC -DCHECK_FUNCTION_EXISTS=pthread_create   -o CMakeFiles/cmTC_24bef.dir/CheckFunctionExists.c.o   -c /usr/local/share/cmake-3.15/Modules/CheckFunctionExists.c
Linking C executable cmTC_24bef
/usr/local/bin/cmake -E cmake_link_script CMakeFiles/cmTC_24bef.dir/link.txt --verbose=1
/usr/bin/cc -fPIC -DCHECK_FUNCTION_EXISTS=pthread_create    -rdynamic CMakeFiles/cmTC_24bef.dir/CheckFunctionExists.c.o  -o cmTC_24bef -lpthreads 
/usr/bin/ld: cannot find -lpthreads
collect2: error: ld returned 1 exit status
CMakeFiles/cmTC_24bef.dir/build.make:86: recipe for target 'cmTC_24bef' failed
make[1]: *** [cmTC_24bef] Error 1
make[1]: Leaving directory '/data/ywy/model-research/track/yolov5_deepsort_tensorrt_v5/tensorrtx/deepsort-tensorrt/build/CMakeFiles/CMakeTmp'
Makefile:121: recipe for target 'cmTC_24bef/fast' failed
make: *** [cmTC_24bef/fast] Error 2



